<?xml version="1.0" encoding="UTF-8"?>
<!-- Generated by org.testng.reporters.JUnitReportReporter -->
<testsuite hostname="Suraj" failures="0" tests="2" name="testClass.WikiTestcase" time="0.152" errors="0" timestamp="2022-05-13T00:40:23 IST" skipped="0">
  <testcase classname="testClass.WikiTestcase" name="wikiDate" time="0.071"/>
  <system-out/>
  <testcase classname="testClass.WikiTestcase" name="wikiCountry" time="0.081"/>
  <system-out/>
</testsuite> <!-- testClass.WikiTestcase -->
