<?xml version="1.0" encoding="UTF-8"?>
<!-- Generated by org.testng.reporters.JUnitReportReporter -->
<testsuite hostname="Suraj" failures="0" tests="2" name="testClass.WikiTestcase" time="0.130" errors="0" timestamp="2022-05-07T14:17:43 IST" skipped="0">
  <testcase classname="testClass.WikiTestcase" name="wikiCountry" time="0.073"/>
  <system-out/>
  <testcase classname="testClass.WikiTestcase" name="wikiDate" time="0.057"/>
  <system-out/>
</testsuite> <!-- testClass.WikiTestcase -->
